Watching for file changes with StatReloader
Not Found: /
"GET / HTTP/1.1" 404 2312
Not Found: /favicon.ico
"GET /favicon.ico HTTP/1.1" 404 2363
"GET /admin HTTP/1.1" 301 0
"GET /admin/ HTTP/1.1" 302 0
"GET /admin/login/?next=/admin/ HTTP/1.1" 200 4173
"GET /static/admin/css/base.css HTTP/1.1" 200 22120
"GET /static/admin/css/login.css HTTP/1.1" 200 951
"GET /static/admin/js/theme.js HTTP/1.1" 200 1653
"GET /static/admin/css/nav_sidebar.css HTTP/1.1" 200 2810
"GET /static/admin/css/dark_mode.css HTTP/1.1" 200 2808
"GET /static/admin/js/nav_sidebar.js HTTP/1.1" 200 3063
"GET /static/admin/css/responsive.css HTTP/1.1" 200 16565
Watching for file changes with StatReloader
"POST /admin/login/?next=/admin/ HTTP/1.1" 302 0
"GET /admin/ HTTP/1.1" 200 7173
"GET /static/admin/css/dashboard.css HTTP/1.1" 200 441
"GET /static/admin/img/icon-addlink.svg HTTP/1.1" 200 331
"GET /static/admin/img/icon-changelink.svg HTTP/1.1" 200 380
"GET /admin/listings/payment/ HTTP/1.1" 200 10217
"GET /static/admin/css/changelists.css HTTP/1.1" 200 6878
"GET /static/admin/js/jquery.init.js HTTP/1.1" 200 347
"GET /admin/jsi18n/ HTTP/1.1" 200 3342
"GET /static/admin/js/core.js HTTP/1.1" 200 6208
"GET /static/admin/js/actions.js HTTP/1.1" 200 8076
"GET /static/admin/js/urlify.js HTTP/1.1" 200 7887
"GET /static/admin/js/prepopulate.js HTTP/1.1" 200 1531
"GET /static/admin/js/vendor/jquery/jquery.js HTTP/1.1" 200 285314
"GET /static/admin/js/admin/RelatedObjectLookups.js HTTP/1.1" 200 9777
"GET /static/admin/js/vendor/xregexp/xregexp.js HTTP/1.1" 200 325171
"GET /static/admin/img/search.svg HTTP/1.1" 200 458
"GET /static/admin/js/filters.js HTTP/1.1" 200 978
"GET /static/admin/img/icon-viewlink.svg HTTP/1.1" 200 581
"GET /static/admin/img/tooltag-add.svg HTTP/1.1" 200 331
"GET /admin/listings/payment/add/ HTTP/1.1" 200 11183
"GET /static/admin/css/forms.css HTTP/1.1" 200 8525
"GET /static/admin/js/prepopulate_init.js HTTP/1.1" 200 586
"GET /static/admin/css/widgets.css HTTP/1.1" 200 11991
"GET /admin/jsi18n/ HTTP/1.1" 200 3342
"GET /static/admin/js/change_form.js HTTP/1.1" 200 606
"GET /admin/listings/payment/ HTTP/1.1" 200 10217
Invalid HTTP_HOST header: '7e9b5c33d905.ngrok-free.app'. You may need to add '7e9b5c33d905.ngrok-free.app' to ALLOWED_HOSTS.
Traceback (most recent call last):
  File "C:\alx_travel_app_0x02\alx_travel_app\mvenv\Lib\site-packages\django\core\handlers\exception.py", line 55, in inner
    response = get_response(request)
  File "C:\alx_travel_app_0x02\alx_travel_app\mvenv\Lib\site-packages\django\utils\deprecation.py", line 119, in __call__
    response = self.process_request(request)
  File "C:\alx_travel_app_0x02\alx_travel_app\mvenv\Lib\site-packages\django\middleware\common.py", line 48, in process_request
    host = request.get_host()
  File "C:\alx_travel_app_0x02\alx_travel_app\mvenv\Lib\site-packages\django\http\request.py", line 202, in get_host
    raise DisallowedHost(msg)
django.core.exceptions.DisallowedHost: Invalid HTTP_HOST header: '7e9b5c33d905.ngrok-free.app'. You may need to add '7e9b5c33d905.ngrok-free.app' to ALLOWED_HOSTS.
"GET /api/verify-payment/%22 HTTP/1.1" 400 75922
Invalid HTTP_HOST header: '7e9b5c33d905.ngrok-free.app'. You may need to add '7e9b5c33d905.ngrok-free.app' to ALLOWED_HOSTS.
Traceback (most recent call last):
  File "C:\alx_travel_app_0x02\alx_travel_app\mvenv\Lib\site-packages\django\core\handlers\exception.py", line 55, in inner
    response = get_response(request)
  File "C:\alx_travel_app_0x02\alx_travel_app\mvenv\Lib\site-packages\django\utils\deprecation.py", line 119, in __call__
    response = self.process_request(request)
  File "C:\alx_travel_app_0x02\alx_travel_app\mvenv\Lib\site-packages\django\middleware\common.py", line 48, in process_request
    host = request.get_host()
  File "C:\alx_travel_app_0x02\alx_travel_app\mvenv\Lib\site-packages\django\http\request.py", line 202, in get_host
    raise DisallowedHost(msg)
django.core.exceptions.DisallowedHost: Invalid HTTP_HOST header: '7e9b5c33d905.ngrok-free.app'. You may need to add '7e9b5c33d905.ngrok-free.app' to ALLOWED_HOSTS.
"GET /favicon.ico HTTP/1.1" 400 75482
Invalid HTTP_HOST header: '7e9b5c33d905.ngrok-free.app'. You may need to add '7e9b5c33d905.ngrok-free.app' to ALLOWED_HOSTS.
Traceback (most recent call last):
  File "C:\alx_travel_app_0x02\alx_travel_app\mvenv\Lib\site-packages\django\core\handlers\exception.py", line 55, in inner
    response = get_response(request)
  File "C:\alx_travel_app_0x02\alx_travel_app\mvenv\Lib\site-packages\django\utils\deprecation.py", line 119, in __call__
    response = self.process_request(request)
  File "C:\alx_travel_app_0x02\alx_travel_app\mvenv\Lib\site-packages\django\middleware\common.py", line 48, in process_request
    host = request.get_host()
  File "C:\alx_travel_app_0x02\alx_travel_app\mvenv\Lib\site-packages\django\http\request.py", line 202, in get_host
    raise DisallowedHost(msg)
django.core.exceptions.DisallowedHost: Invalid HTTP_HOST header: '7e9b5c33d905.ngrok-free.app'. You may need to add '7e9b5c33d905.ngrok-free.app' to ALLOWED_HOSTS.
"POST /api/verify-payment/ HTTP/1.1" 400 73874
Not Found: /api/initiate-payment/
"POST /api/initiate-payment/ HTTP/1.1" 404 2799
Not Found: /api/initiate-payment
"POST /api/initiate-payment HTTP/1.1" 404 2796
Not Found: /api/initiate-payment
"POST /api/initiate-payment HTTP/1.1" 404 2796
Unauthorized: /api/initiate_payment
"POST /api/initiate_payment HTTP/1.1" 401 202
Unauthorized: /api/initiate_payment
"POST /api/initiate_payment HTTP/1.1" 401 202
Unauthorized: /api/initiate_payment
"POST /api/initiate_payment HTTP/1.1" 401 202
